DEBUG 2014-04-17 22:56:26,001 [main]sample.sample16.Sample16_4(38) 0
DEBUG 2014-04-17 22:56:26,011 [main]sample.sample16.Sample16_4(38) 1
DEBUG 2014-04-17 22:56:26,011 [main]sample.sample16.Sample16_4(38) 2
DEBUG 2014-04-17 22:56:26,011 [main]sample.sample16.Sample16_4(38) 3
DEBUG 2014-04-17 22:56:26,011 [main]sample.sample16.Sample16_4(38) 4
DEBUG 2014-04-17 22:56:26,011 [main]sample.sample16.Sample16_4(38) 0
DEBUG 2014-04-17 22:56:26,013 [main]sample.sample16.Sample16_4(38) 1
DEBUG 2014-04-17 22:56:26,013 [main]sample.sample16.Sample16_4(38) 10
DEBUG 2014-04-17 22:56:26,013 [main]sample.sample16.Sample16_4(38) 2
DEBUG 2014-04-17 22:56:26,013 [main]sample.sample16.Sample16_4(38) 3
DEBUG 2014-04-17 22:56:26,013 [main]sample.sample16.Sample16_4(38) 4
DEBUG 2014-04-18 00:10:32,605 [main]sample.sample16.Sample16_4(38) 0
DEBUG 2014-04-18 00:10:32,606 [main]sample.sample16.Sample16_4(38) 1
DEBUG 2014-04-18 00:10:32,607 [main]sample.sample16.Sample16_4(38) 2
DEBUG 2014-04-18 00:10:32,607 [main]sample.sample16.Sample16_4(38) 3
DEBUG 2014-04-18 00:10:32,607 [main]sample.sample16.Sample16_4(38) 4
DEBUG 2014-04-18 00:10:32,607 [main]sample.sample16.Sample16_4(38) 0
DEBUG 2014-04-18 00:10:32,608 [main]sample.sample16.Sample16_4(38) 1
DEBUG 2014-04-18 00:10:32,608 [main]sample.sample16.Sample16_4(38) 10
DEBUG 2014-04-18 00:10:32,609 [main]sample.sample16.Sample16_4(38) 2
DEBUG 2014-04-18 00:10:32,609 [main]sample.sample16.Sample16_4(38) 3
DEBUG 2014-04-18 00:10:32,609 [main]sample.sample16.Sample16_4(38) 4
DEBUG 2014-04-18 00:11:03,325 [main]sample.sample16.Sample16_4(38) 0
DEBUG 2014-04-18 00:11:03,327 [main]sample.sample16.Sample16_4(38) 1
DEBUG 2014-04-18 00:11:03,327 [main]sample.sample16.Sample16_4(38) 2
DEBUG 2014-04-18 00:11:03,327 [main]sample.sample16.Sample16_4(38) 3
DEBUG 2014-04-18 00:11:03,327 [main]sample.sample16.Sample16_4(38) 4
DEBUG 2014-04-18 00:11:03,327 [main]sample.sample16.Sample16_4(38) 0
DEBUG 2014-04-18 00:11:03,329 [main]sample.sample16.Sample16_4(38) 1
DEBUG 2014-04-18 00:11:03,329 [main]sample.sample16.Sample16_4(38) 2
DEBUG 2014-04-18 00:11:03,329 [main]sample.sample16.Sample16_4(38) 3
DEBUG 2014-04-18 00:11:03,329 [main]sample.sample16.Sample16_4(38) 4
DEBUG 2014-04-18 00:11:59,409 [main]sample.sample16.Sample16_4(38) 0
DEBUG 2014-04-18 00:11:59,411 [main]sample.sample16.Sample16_4(38) 1
DEBUG 2014-04-18 00:11:59,411 [main]sample.sample16.Sample16_4(38) 2
DEBUG 2014-04-18 00:11:59,411 [main]sample.sample16.Sample16_4(38) 3
DEBUG 2014-04-18 00:11:59,411 [main]sample.sample16.Sample16_4(38) 4
DEBUG 2014-04-18 00:11:59,411 [main]sample.sample16.Sample16_4(38) 0
DEBUG 2014-04-18 00:11:59,413 [main]sample.sample16.Sample16_4(38) 1
DEBUG 2014-04-18 00:11:59,413 [main]sample.sample16.Sample16_4(38) 2
DEBUG 2014-04-18 00:11:59,413 [main]sample.sample16.Sample16_4(38) 3
DEBUG 2014-04-18 00:11:59,413 [main]sample.sample16.Sample16_4(38) 4
DEBUG 2014-04-18 00:12:52,591 [main]sample.sample16.Sample16_4(29)  
DEBUG 2014-04-18 00:12:52,593 [main]sample.sample16.Sample16_4(32) 0 番目の要素の値は、0
DEBUG 2014-04-18 00:12:52,593 [main]sample.sample16.Sample16_4(32) 1 番目の要素の値は、1
DEBUG 2014-04-18 00:12:52,593 [main]sample.sample16.Sample16_4(32) 2 番目の要素の値は、2
DEBUG 2014-04-18 00:12:52,593 [main]sample.sample16.Sample16_4(32) 3 番目の要素の値は、3
DEBUG 2014-04-18 00:12:52,594 [main]sample.sample16.Sample16_4(32) 4 番目の要素の値は、4
DEBUG 2014-04-18 00:12:52,595 [main]sample.sample16.Sample16_4(35)  
DEBUG 2014-04-18 00:12:52,595 [main]sample.sample16.Sample16_4(38) 0
DEBUG 2014-04-18 00:12:52,595 [main]sample.sample16.Sample16_4(38) 1
DEBUG 2014-04-18 00:12:52,595 [main]sample.sample16.Sample16_4(38) 2
DEBUG 2014-04-18 00:12:52,595 [main]sample.sample16.Sample16_4(38) 3
DEBUG 2014-04-18 00:12:52,596 [main]sample.sample16.Sample16_4(38) 4
DEBUG 2014-04-18 00:12:52,596 [main]sample.sample16.Sample16_4(29)  
DEBUG 2014-04-18 00:12:52,596 [main]sample.sample16.Sample16_4(32) 0 番目の要素の値は、0
DEBUG 2014-04-18 00:12:52,596 [main]sample.sample16.Sample16_4(32) 1 番目の要素の値は、1
DEBUG 2014-04-18 00:12:52,596 [main]sample.sample16.Sample16_4(32) 2 番目の要素の値は、2
DEBUG 2014-04-18 00:12:52,598 [main]sample.sample16.Sample16_4(32) 3 番目の要素の値は、3
DEBUG 2014-04-18 00:12:52,598 [main]sample.sample16.Sample16_4(32) 4 番目の要素の値は、4
DEBUG 2014-04-18 00:12:52,598 [main]sample.sample16.Sample16_4(35)  
DEBUG 2014-04-18 00:12:52,598 [main]sample.sample16.Sample16_4(38) 0
DEBUG 2014-04-18 00:12:52,598 [main]sample.sample16.Sample16_4(38) 1
DEBUG 2014-04-18 00:12:52,598 [main]sample.sample16.Sample16_4(38) 2
DEBUG 2014-04-18 00:12:52,598 [main]sample.sample16.Sample16_4(38) 3
DEBUG 2014-04-18 00:12:52,598 [main]sample.sample16.Sample16_4(38) 4
DEBUG 2014-04-20 02:41:58,871 [main]sample.sample16.Sample16_4(29)  
DEBUG 2014-04-20 02:41:58,874 [main]sample.sample16.Sample16_4(32) 0 番目の要素の値は、0
DEBUG 2014-04-20 02:41:58,874 [main]sample.sample16.Sample16_4(32) 1 番目の要素の値は、1
DEBUG 2014-04-20 02:41:58,874 [main]sample.sample16.Sample16_4(32) 2 番目の要素の値は、2
DEBUG 2014-04-20 02:41:58,874 [main]sample.sample16.Sample16_4(32) 3 番目の要素の値は、3
DEBUG 2014-04-20 02:41:58,874 [main]sample.sample16.Sample16_4(32) 4 番目の要素の値は、4
DEBUG 2014-04-20 02:41:58,876 [main]sample.sample16.Sample16_4(35)  
DEBUG 2014-04-20 02:41:58,876 [main]sample.sample16.Sample16_4(38) 0
DEBUG 2014-04-20 02:41:58,876 [main]sample.sample16.Sample16_4(38) 1
DEBUG 2014-04-20 02:41:58,877 [main]sample.sample16.Sample16_4(38) 2
DEBUG 2014-04-20 02:41:58,877 [main]sample.sample16.Sample16_4(38) 3
DEBUG 2014-04-20 02:41:58,877 [main]sample.sample16.Sample16_4(38) 4
DEBUG 2014-04-20 02:41:58,877 [main]sample.sample16.Sample16_4(29)  
DEBUG 2014-04-20 02:41:58,877 [main]sample.sample16.Sample16_4(32) 0 番目の要素の値は、0
DEBUG 2014-04-20 02:41:58,877 [main]sample.sample16.Sample16_4(32) 1 番目の要素の値は、1
DEBUG 2014-04-20 02:41:58,877 [main]sample.sample16.Sample16_4(32) 2 番目の要素の値は、2
DEBUG 2014-04-20 02:41:58,878 [main]sample.sample16.Sample16_4(32) 3 番目の要素の値は、3
DEBUG 2014-04-20 02:41:58,878 [main]sample.sample16.Sample16_4(32) 4 番目の要素の値は、4
DEBUG 2014-04-20 02:41:58,878 [main]sample.sample16.Sample16_4(35)  
DEBUG 2014-04-20 02:41:58,879 [main]sample.sample16.Sample16_4(38) 0
DEBUG 2014-04-20 02:41:58,879 [main]sample.sample16.Sample16_4(38) 1
DEBUG 2014-04-20 02:41:58,879 [main]sample.sample16.Sample16_4(38) 2
DEBUG 2014-04-20 02:41:58,879 [main]sample.sample16.Sample16_4(38) 3
DEBUG 2014-04-20 02:41:58,879 [main]sample.sample16.Sample16_4(38) 4
DEBUG 2014-04-20 03:01:47,633 [main]study.list.StudyList(28)  
DEBUG 2014-04-20 03:01:47,635 [main]study.list.StudyList(31) 0 番目の要素の値は、0
DEBUG 2014-04-20 03:01:47,636 [main]study.list.StudyList(31) 1 番目の要素の値は、1
DEBUG 2014-04-20 03:01:47,636 [main]study.list.StudyList(31) 2 番目の要素の値は、2
DEBUG 2014-04-20 03:01:47,636 [main]study.list.StudyList(31) 3 番目の要素の値は、3
DEBUG 2014-04-20 03:01:47,636 [main]study.list.StudyList(31) 4 番目の要素の値は、4
DEBUG 2014-04-20 03:01:47,637 [main]study.list.StudyList(34)  
DEBUG 2014-04-20 03:01:47,637 [main]study.list.StudyList(37) 0
DEBUG 2014-04-20 03:01:47,637 [main]study.list.StudyList(37) 1
DEBUG 2014-04-20 03:01:47,638 [main]study.list.StudyList(37) 2
DEBUG 2014-04-20 03:01:47,638 [main]study.list.StudyList(37) 3
DEBUG 2014-04-20 03:01:47,638 [main]study.list.StudyList(37) 4
DEBUG 2014-04-20 03:01:47,638 [main]study.list.StudyList(28)  
DEBUG 2014-04-20 03:01:47,638 [main]study.list.StudyList(31) 0 番目の要素の値は、0
DEBUG 2014-04-20 03:01:47,638 [main]study.list.StudyList(31) 1 番目の要素の値は、1
DEBUG 2014-04-20 03:01:47,638 [main]study.list.StudyList(31) 2 番目の要素の値は、2
DEBUG 2014-04-20 03:01:47,639 [main]study.list.StudyList(31) 3 番目の要素の値は、3
DEBUG 2014-04-20 03:01:47,639 [main]study.list.StudyList(31) 4 番目の要素の値は、4
DEBUG 2014-04-20 03:01:47,640 [main]study.list.StudyList(34)  
DEBUG 2014-04-20 03:01:47,640 [main]study.list.StudyList(37) 0
DEBUG 2014-04-20 03:01:47,640 [main]study.list.StudyList(37) 1
DEBUG 2014-04-20 03:01:47,640 [main]study.list.StudyList(37) 2
DEBUG 2014-04-20 03:01:47,640 [main]study.list.StudyList(37) 3
DEBUG 2014-04-20 03:01:47,640 [main]study.list.StudyList(37) 4
DEBUG 2014-04-20 03:01:52,785 [main]study.list.StudyList(28)  
DEBUG 2014-04-20 03:01:52,787 [main]study.list.StudyList(31) 0 番目の要素の値は、0
DEBUG 2014-04-20 03:01:52,787 [main]study.list.StudyList(31) 1 番目の要素の値は、1
DEBUG 2014-04-20 03:01:52,787 [main]study.list.StudyList(31) 2 番目の要素の値は、2
DEBUG 2014-04-20 03:01:52,787 [main]study.list.StudyList(31) 3 番目の要素の値は、3
DEBUG 2014-04-20 03:01:52,787 [main]study.list.StudyList(31) 4 番目の要素の値は、4
DEBUG 2014-04-20 03:01:52,789 [main]study.list.StudyList(34)  
DEBUG 2014-04-20 03:01:52,789 [main]study.list.StudyList(37) 0
DEBUG 2014-04-20 03:01:52,789 [main]study.list.StudyList(37) 1
DEBUG 2014-04-20 03:01:52,789 [main]study.list.StudyList(37) 2
DEBUG 2014-04-20 03:01:52,789 [main]study.list.StudyList(37) 3
DEBUG 2014-04-20 03:01:52,789 [main]study.list.StudyList(37) 4
DEBUG 2014-04-20 03:01:52,789 [main]study.list.StudyList(28)  
DEBUG 2014-04-20 03:01:52,789 [main]study.list.StudyList(31) 0 番目の要素の値は、0
DEBUG 2014-04-20 03:01:52,789 [main]study.list.StudyList(31) 1 番目の要素の値は、1
DEBUG 2014-04-20 03:01:52,789 [main]study.list.StudyList(31) 2 番目の要素の値は、2
DEBUG 2014-04-20 03:01:52,791 [main]study.list.StudyList(31) 3 番目の要素の値は、3
DEBUG 2014-04-20 03:01:52,791 [main]study.list.StudyList(31) 4 番目の要素の値は、4
DEBUG 2014-04-20 03:01:52,791 [main]study.list.StudyList(34)  
DEBUG 2014-04-20 03:01:52,791 [main]study.list.StudyList(37) 0
DEBUG 2014-04-20 03:01:52,791 [main]study.list.StudyList(37) 1
DEBUG 2014-04-20 03:01:52,791 [main]study.list.StudyList(37) 2
DEBUG 2014-04-20 03:01:52,791 [main]study.list.StudyList(37) 3
DEBUG 2014-04-20 03:01:52,791 [main]study.list.StudyList(37) 4
DEBUG 2014-05-22 22:06:40,217 [main]study.debug.Debuug(18) [Ljava.lang.String;@49e926fd
DEBUG 2014-05-22 22:09:48,345 [main]study.debug.Debuug(19) [Ljava.lang.String;@49e926fd
DEBUG 2014-05-22 22:10:45,203 [main]study.debug.Debuug(19) [Ljava.lang.String;@69fed1f3
DEBUG 2014-05-22 22:11:18,923 [main]study.debug.Debuug(19) b
